<?xml version="1.0" encoding="UTF-8"?>
<coverage generated="1716419493730" clover="3.2.0">
  <project timestamp="1716419493730" name="All files">
    <metrics statements="9" coveredstatements="9" conditionals="2" coveredconditionals="2" methods="1" coveredmethods="1" elements="12" coveredelements="12" complexity="0" loc="9" ncloc="9" packages="1" files="1" classes="1"/>
    <file name="clonedeep-eligibility-check.ts" path="/Users/stephenisienyi/projects-js/clone-total/pkg/src/clonedeep-eligibility-check.ts">
      <metrics statements="9" coveredstatements="9" conditionals="2" coveredconditionals="2" methods="1" coveredmethods="1"/>
      <line num="13" count="2" type="stmt"/>
      <line num="15" count="2" type="stmt"/>
      <line num="45" count="2" type="stmt"/>
      <line num="48" count="26" type="stmt"/>
      <line num="50" count="26" type="cond" truecount="2" falsecount="0"/>
      <line num="51" count="22" type="stmt"/>
      <line num="53" count="4" type="stmt"/>
      <line num="54" count="4" type="stmt"/>
      <line num="56" count="26" type="stmt"/>
    </file>
  </project>
</coverage>
