{"/Users/stephenisienyi/projects-js/clone-total/pkg/src/clonedeep-eligibility-check.ts": {"path":"/Users/stephenisienyi/projects-js/clone-total/pkg/src/clonedeep-eligibility-check.ts","statementMap":{"0":{"start":{"line":13,"column":0},"end":{"line":13,"column":22}},"1":{"start":{"line":15,"column":13},"end":{"line":43,"column":2}},"2":{"start":{"line":45,"column":13},"end":{"line":45,"column":77}},"3":{"start":{"line":48,"column":16},"end":{"line":48,"column":39}},"4":{"start":{"line":50,"column":1},"end":{"line":55,"column":2}},"5":{"start":{"line":51,"column":2},"end":{"line":51,"column":42}},"6":{"start":{"line":53,"column":2},"end":{"line":53,"column":26}},"7":{"start":{"line":54,"column":2},"end":{"line":54,"column":20}},"8":{"start":{"line":56,"column":1},"end":{"line":56,"column":40}}},"fnMap":{"0":{"name":"verify","decl":{"start":{"line":47,"column":9},"end":{"line":47,"column":15}},"loc":{"start":{"line":47,"column":29},"end":{"line":57,"column":1}}}},"branchMap":{"0":{"loc":{"start":{"line":50,"column":1},"end":{"line":55,"column":2}},"type":"if","locations":[{"start":{"line":50,"column":1},"end":{"line":55,"column":2}},{"start":{"line":52,"column":8},"end":{"line":55,"column":2}}]}},"s":{"0":2,"1":2,"2":2,"3":26,"4":26,"5":22,"6":4,"7":4,"8":26},"f":{"0":26},"b":{"0":[22,4]}}
}
